0 info it worked if it ends with ok
1 verbose cli [
1 verbose cli   'C:\\Program Files\\nodejs\\node.exe',
1 verbose cli   'C:\\Program Files\\nodejs\\node_modules\\npm\\bin\\npm-cli.js',
1 verbose cli   'run-script',
1 verbose cli   'build'
1 verbose cli ]
2 info using npm@6.14.15
3 info using node@v14.18.1
4 verbose run-script [ 'prebuild', 'build', 'postbuild' ]
5 info lifecycle test@0.0.0~prebuild: test@0.0.0
6 info lifecycle test@0.0.0~build: test@0.0.0
7 verbose lifecycle test@0.0.0~build: unsafe-perm in lifecycle true
8 verbose lifecycle test@0.0.0~build: PATH: C:\Program Files\nodejs\node_modules\npm\node_modules\npm-lifecycle\node-gyp-bin;C:\Users\Fam\CAPSTONE ANGULAR - Copy\Capstone\node_modules\.bin;C:\Users\Fam\bin;C:\Program Files\Git\mingw64\bin;C:\Program Files\Git\usr\local\bin;C:\Program Files\Git\usr\bin;C:\Program Files\Git\usr\bin;C:\Program Files\Git\mingw64\bin;C:\Program Files\Git\usr\bin;C:\Users\Fam\bin;C:\Python310\Scripts;C:\Python310;C:\Windows\system32;C:\Windows;C:\Windows\System32\Wbem;C:\Windows\System32\WindowsPowerShell\v1.0;C:\Windows\System32\OpenSSH;C:\xampp\XAMPP\xammp\php;C:\composer;C:\Program Files\Git\cmd;C:\ProgramData\chocolatey\bin;C:\Program Files (x86)\Yarn\bin;C:\Users\Fam\AppData\Roaming\npm\node_modules@angular\cli;C:\Users\Fam\AppData\Roaming\npm;C:\Program Files\nodejs;C:\Users\Fam\AppData\Roaming\npm;C:\Users\Fam\AppData\Roaming\Composer\vendor\bin;C:\Program Files\heroku\bin;C:\Users\Fam\AppData\Local\Programs\Microsoft VS Code\bin;C:\Users\Fam\AppData\npm\node_modules\@angular\cli\bin;C:\Users\Fam\AppData\Local\Yarn\bin;C:\Users\Fam\AppData\Roaming\npm;C:\Users\Fam\AppData\Roaming\npm;C:\Program Files\Git\usr\bin\vendor_perl;C:\Program Files\Git\usr\bin\core_perl
9 verbose lifecycle test@0.0.0~build: CWD: C:\Users\Fam\CAPSTONE ANGULAR - Copy\Capstone
10 silly lifecycle test@0.0.0~build: Args: [ '/d /s /c', 'ng build' ]
11 silly lifecycle test@0.0.0~build: Returned: code: 1  signal: null
12 info lifecycle test@0.0.0~build: Failed to exec build script
13 verbose stack Error: test@0.0.0 build: `ng build`
13 verbose stack Exit status 1
13 verbose stack     at EventEmitter.<anonymous> (C:\Program Files\nodejs\node_modules\npm\node_modules\npm-lifecycle\index.js:332:16)
13 verbose stack     at EventEmitter.emit (events.js:400:28)
13 verbose stack     at ChildProcess.<anonymous> (C:\Program Files\nodejs\node_modules\npm\node_modules\npm-lifecycle\lib\spawn.js:55:14)
13 verbose stack     at ChildProcess.emit (events.js:400:28)
13 verbose stack     at maybeClose (internal/child_process.js:1058:16)
13 verbose stack     at Process.ChildProcess._handle.onexit (internal/child_process.js:293:5)
14 verbose pkgid test@0.0.0
15 verbose cwd C:\Users\Fam\CAPSTONE ANGULAR - Copy\Capstone
16 verbose Windows_NT 10.0.19041
17 verbose argv "C:\\Program Files\\nodejs\\node.exe" "C:\\Program Files\\nodejs\\node_modules\\npm\\bin\\npm-cli.js" "run-script" "build"
18 verbose node v14.18.1
19 verbose npm  v6.14.15
20 error code ELIFECYCLE
21 error errno 1
22 error test@0.0.0 build: `ng build`
22 error Exit status 1
23 error Failed at the test@0.0.0 build script.
23 error This is probably not a problem with npm. There is likely additional logging output above.
24 verbose exit [ 1, true ]
